<?xml version="1.0" encoding="UTF-8"?>
<!-- Generated by org.testng.reporters.JUnitXMLReporter -->
<testsuite hostname="Dell-PC" ignored="0" name="Default test" tests="6" failures="0" timestamp="02 Aug 2019 08:05:24 GMT" time="17.063" errors="0">
  <testcase name="Test_Logo" time="0.078" classname="Glaucus.Glaucus.TestLoginPage"/>
  <testcase name="Test_tittleVerification" time="0.011" classname="Glaucus.Glaucus.TestLoginPage"/>
  <testcase name="Test_Url" time="0.005" classname="Glaucus.Glaucus.TestLoginPage"/>
  <testcase name="Test_emailLoginButtonAndPassword" time="4.423" classname="Glaucus.Glaucus.TestLoginPage"/>
  <testcase name="Test_userProfile" time="0.458" classname="Glaucus.Glaucus.TestLoginPage"/>
  <testcase name="Test_omsClick" time="0.229" classname="Glaucus.Glaucus.TestLoginPage"/>
</testsuite> <!-- Default test -->
